app/build/outputs/logs/manifest-merger-debug-report.txt
-- Merging decision tree log ---
manifest
ADDED from src\main\AndroidManifest.xml:2:1-72:12
	xmlns:android
		ADDED from src\main\AndroidManifest.xml:2:11-69
	package
		ADDED from src\main\AndroidManifest.xml:3:7-51
		INJECTED from src\main\AndroidManifest.xml
		INJECTED from src\main\AndroidManifest.xml
	android:versionName
		ADDED from src\main\AndroidManifest.xml:5:7-32
	android:versionCode
		ADDED from src\main\AndroidManifest.xml:4:7-30
		INJECTED from src\main\AndroidManifest.xml
		INJECTED from src\main\AndroidManifest.xml
uses-sdk
ADDED from src\main\AndroidManifest.xml:7:5-72
	android:targetSdkVersion
		ADDED from src\main\AndroidManifest.xml:7:41-70
		INJECTED from src\main\AndroidManifest.xml
		INJECTED from src\main\AndroidManifest.xml
	android:minSdkVersion
		ADDED from src\main\AndroidManifest.xml:7:15-40
		INJECTED from src\main\AndroidManifest.xml
		INJECTED from src\main\AndroidManifest.xml
uses-feature#android.hardware.camera
ADDED from src\main\AndroidManifest.xml:9:5-59
	android:name
		ADDED from src\main\AndroidManifest.xml:9:19-57
uses-feature#android.hardware.camera.autofocus
ADDED from src\main\AndroidManifest.xml:10:2-91
	android:required
		ADDED from src\main\AndroidManifest.xml:10:65-89
	android:name
		ADDED from src\main\AndroidManifest.xml:10:16-64
uses-feature#android.hardware.touchscreen
ADDED from src\main\AndroidManifest.xml:11:2-86
	android:required
		ADDED from src\main\AndroidManifest.xml:11:60-84
	android:name
		ADDED from src\main\AndroidManifest.xml:11:16-59
uses-permission#android.permission.CAMERA
ADDED from src\main\AndroidManifest.xml:13:5-64
	android:name
		ADDED from src\main\AndroidManifest.xml:13:22-62
application
ADDED from src\main\AndroidManifest.xml:15:5-70:19
	android:label
		ADDED from src\main\AndroidManifest.xml:16:12-44
	android:allowBackup
		ADDED from src\main\AndroidManifest.xml:17:12-38
	android:icon
		ADDED from src\main\AndroidManifest.xml:15:18-47
activity#com.jwetherell.quick_response_code.MainActivity
ADDED from src\main\AndroidManifest.xml:19:9-26:20
	android:label
		ADDED from src\main\AndroidManifest.xml:20:13-45
	android:name
		ADDED from src\main\AndroidManifest.xml:19:19-47
intent-filter#android.intent.action.MAIN+android.intent.category.LAUNCHER
ADDED from src\main\AndroidManifest.xml:21:13-24:29
action#android.intent.action.MAIN
ADDED from src\main\AndroidManifest.xml:22:17-68
	android:name
		ADDED from src\main\AndroidManifest.xml:22:25-66
category#android.intent.category.LAUNCHER
ADDED from src\main\AndroidManifest.xml:23:17-76
	android:name
		ADDED from src\main\AndroidManifest.xml:23:27-74
activity#com.jwetherell.quick_response_code.CaptureActivity
ADDED from src\main\AndroidManifest.xml:28:9-40:20
	android:windowSoftInputMode
		ADDED from src\main\AndroidManifest.xml:36:13-60
	android:screenOrientation
		ADDED from src\main\AndroidManifest.xml:31:13-50
	android:label
		ADDED from src\main\AndroidManifest.xml:29:13-49
	android:icon
		ADDED from src\main\AndroidManifest.xml:30:13-42
	android:configChanges
		ADDED from src\main\AndroidManifest.xml:34:13-63
	android:theme
		ADDED from src\main\AndroidManifest.xml:35:13-71
	android:stateNotNeeded
		ADDED from src\main\AndroidManifest.xml:33:13-42
	android:clearTaskOnLaunch
		ADDED from src\main\AndroidManifest.xml:32:13-45
	android:name
		ADDED from src\main\AndroidManifest.xml:28:19-50
intent-filter#android.intent.action.CAPTURE
ADDED from src\main\AndroidManifest.xml:37:13-39:29
action#android.intent.action.CAPTURE
ADDED from src\main\AndroidManifest.xml:38:17-71
	android:name
		ADDED from src\main\AndroidManifest.xml:38:25-69
activity#com.jwetherell.quick_response_code.DecoderActivity
ADDED from src\main\AndroidManifest.xml:42:9-54:20
	android:windowSoftInputMode
		ADDED from src\main\AndroidManifest.xml:50:13-60
	android:screenOrientation
		ADDED from src\main\AndroidManifest.xml:45:13-50
	android:label
		ADDED from src\main\AndroidManifest.xml:43:13-49
	android:icon
		ADDED from src\main\AndroidManifest.xml:44:13-42
	android:configChanges
		ADDED from src\main\AndroidManifest.xml:48:13-63
	android:theme
		ADDED from src\main\AndroidManifest.xml:49:13-71
	android:stateNotNeeded
		ADDED from src\main\AndroidManifest.xml:47:13-42
	android:clearTaskOnLaunch
		ADDED from src\main\AndroidManifest.xml:46:13-45
	android:name
		ADDED from src\main\AndroidManifest.xml:42:19-50
intent-filter#android.intent.action.DECODER
ADDED from src\main\AndroidManifest.xml:51:13-53:29
action#android.intent.action.DECODER
ADDED from src\main\AndroidManifest.xml:52:17-71
	android:name
		ADDED from src\main\AndroidManifest.xml:52:25-69
activity#com.jwetherell.quick_response_code.EncoderActivity
ADDED from src\main\AndroidManifest.xml:56:9-68:20
	android:windowSoftInputMode
		ADDED from src\main\AndroidManifest.xml:64:13-60
	android:screenOrientation
		ADDED from src\main\AndroidManifest.xml:59:13-50
	android:label
		ADDED from src\main\AndroidManifest.xml:57:13-49
	android:icon
		ADDED from src\main\AndroidManifest.xml:58:13-42
	android:configChanges
		ADDED from src\main\AndroidManifest.xml:62:13-63
	android:theme
		ADDED from src\main\AndroidManifest.xml:63:13-71
	android:stateNotNeeded
		ADDED from src\main\AndroidManifest.xml:61:13-42
	android:clearTaskOnLaunch
		ADDED from src\main\AndroidManifest.xml:60:13-45
	android:name
		ADDED from src\main\AndroidManifest.xml:56:19-50
intent-filter#android.intent.action.ENCODER
ADDED from src\main\AndroidManifest.xml:65:13-67:29
action#android.intent.action.ENCODER
ADDED from src\main\AndroidManifest.xml:66:17-71
	android:name
		ADDED from src\main\AndroidManifest.xml:66:25-69